  01_Lights.cpp
C:\Users\Kenny Huynh\Documents\College\George Brown\Semester 3\GAME2012 - 3D GRAPHICS\GAME2012_W13_Lecture\GAME2012_W13_Lecture\OpenGLGlutGlfwShaderTemplate\Shape.h(36,23): warning C4267: 'return': conversion from 'size_t' to 'GLsizei', possible loss of data
C:\Users\Kenny Huynh\Documents\College\George Brown\Semester 3\GAME2012 - 3D GRAPHICS\GAME2012_W13_Lecture\GAME2012_W13_Lecture\OpenGLGlutGlfwShaderTemplate\Shape.h(98,21): warning C4018: '<': signed/unsigned mismatch
C:\Users\Kenny Huynh\Documents\College\George Brown\Semester 3\GAME2012 - 3D GRAPHICS\GAME2012_W13_Lecture\GAME2012_W13_Lecture\OpenGLGlutGlfwShaderTemplate\Shape.h(161,1): warning C4267: 'argument': conversion from 'size_t' to 'unsigned int', possible loss of data
C:\Users\Kenny Huynh\Documents\College\George Brown\Semester 3\GAME2012 - 3D GRAPHICS\GAME2012_W13_Lecture\GAME2012_W13_Lecture\OpenGLGlutGlfwShaderTemplate\Shape.h(173,30): warning C4244: 'argument': conversion from 'int' to '_Ty', possible loss of data
          with
          [
              _Ty=GLfloat
          ]
C:\Users\Kenny Huynh\Documents\College\George Brown\Semester 3\GAME2012 - 3D GRAPHICS\GAME2012_W13_Lecture\GAME2012_W13_Lecture\OpenGLGlutGlfwShaderTemplate\Shape.h(174,30): warning C4244: 'argument': conversion from 'int' to '_Ty', possible loss of data
          with
          [
              _Ty=GLfloat
          ]
C:\Users\Kenny Huynh\Documents\College\George Brown\Semester 3\GAME2012 - 3D GRAPHICS\GAME2012_W13_Lecture\GAME2012_W13_Lecture\OpenGLGlutGlfwShaderTemplate\Shape.h(217,1): warning C4267: 'argument': conversion from 'size_t' to 'unsigned int', possible loss of data
C:\Users\Kenny Huynh\Documents\College\George Brown\Semester 3\GAME2012 - 3D GRAPHICS\GAME2012_W13_Lecture\GAME2012_W13_Lecture\OpenGLGlutGlfwShaderTemplate\Shape.h(309,1): warning C4267: 'argument': conversion from 'size_t' to 'unsigned int', possible loss of data
C:\Users\Kenny Huynh\Documents\College\George Brown\Semester 3\GAME2012 - 3D GRAPHICS\GAME2012_W13_Lecture\GAME2012_W13_Lecture\OpenGLGlutGlfwShaderTemplate\Shape.h(327,1): warning C4244: '+=': conversion from 'double' to 'float', possible loss of data
C:\Users\Kenny Huynh\Documents\College\George Brown\Semester 3\GAME2012 - 3D GRAPHICS\GAME2012_W13_Lecture\GAME2012_W13_Lecture\OpenGLGlutGlfwShaderTemplate\Shape.h(338,1): warning C4244: '+=': conversion from 'double' to 'float', possible loss of data
C:\Users\Kenny Huynh\Documents\College\George Brown\Semester 3\GAME2012 - 3D GRAPHICS\GAME2012_W13_Lecture\GAME2012_W13_Lecture\OpenGLGlutGlfwShaderTemplate\Shape.h(385,1): warning C4267: 'argument': conversion from 'size_t' to 'unsigned int', possible loss of data
C:\Users\Kenny Huynh\Documents\College\George Brown\Semester 3\GAME2012 - 3D GRAPHICS\GAME2012_W13_Lecture\GAME2012_W13_Lecture\OpenGLGlutGlfwShaderTemplate\Shape.h(403,1): warning C4244: '+=': conversion from 'double' to 'float', possible loss of data
C:\Users\Kenny Huynh\Documents\College\George Brown\Semester 3\GAME2012 - 3D GRAPHICS\GAME2012_W13_Lecture\GAME2012_W13_Lecture\OpenGLGlutGlfwShaderTemplate\Shape.h(434,1): warning C4267: 'argument': conversion from 'size_t' to 'unsigned int', possible loss of data
  prepShader.cpp
C:\Users\Kenny Huynh\Documents\College\George Brown\Semester 3\GAME2012 - 3D GRAPHICS\GAME2012_W13_Lecture\GAME2012_W13_Lecture\OpenGLGlutGlfwShaderTemplate\prepShader.cpp(16,19): warning C4244: 'initializing': conversion from 'std::streamoff' to 'int', possible loss of data
  LINK : C:\Users\Kenny Huynh\Documents\College\George Brown\Semester 3\GAME2012 - 3D GRAPHICS\GAME2012_W13_Lecture\GAME2012_W13_Lecture\x64\Debug\OpenGLGlutGlfwShaderTemplate.exe not found or not built by the last incremental link; performing full link
  OpenGLGlutGlfwShaderTemplate.vcxproj -> C:\Users\Kenny Huynh\Documents\College\George Brown\Semester 3\GAME2012 - 3D GRAPHICS\GAME2012_W13_Lecture\GAME2012_W13_Lecture\x64\Debug\OpenGLGlutGlfwShaderTemplate.exe
